C:\USERS\QYOU\DOCUMENTS\VISUAL STUDIO 2010\PROJECTS\JNI_LAZY_SNAPPING\DEBUG\LAZY_SNAPPING.EXE
C:\USERS\QYOU\DOCUMENTS\VISUAL STUDIO 2010\PROJECTS\JNI_LAZY_SNAPPING\DEBUG\LAZY_SNAPPING.ILK
C:\USERS\QYOU\DOCUMENTS\VISUAL STUDIO 2010\PROJECTS\JNI_LAZY_SNAPPING\DEBUG\LAZY_SNAPPING.PDB
C:\Users\qyou\Documents\Visual Studio 2010\Projects\jni_lazy_snapping\lazy_snapping\Debug\cl.command.1.tlog
C:\Users\qyou\Documents\Visual Studio 2010\Projects\jni_lazy_snapping\lazy_snapping\Debug\CL.read.1.tlog
C:\Users\qyou\Documents\Visual Studio 2010\Projects\jni_lazy_snapping\lazy_snapping\Debug\CL.write.1.tlog
C:\USERS\QYOU\DOCUMENTS\VISUAL STUDIO 2010\PROJECTS\JNI_LAZY_SNAPPING\LAZY_SNAPPING\DEBUG\DOLAZYSNAPPING.OBJ
C:\USERS\QYOU\DOCUMENTS\VISUAL STUDIO 2010\PROJECTS\JNI_LAZY_SNAPPING\LAZY_SNAPPING\DEBUG\DOSUPERPIXEL.OBJ
C:\USERS\QYOU\DOCUMENTS\VISUAL STUDIO 2010\PROJECTS\JNI_LAZY_SNAPPING\LAZY_SNAPPING\DEBUG\GRAPH.OBJ
C:\USERS\QYOU\DOCUMENTS\VISUAL STUDIO 2010\PROJECTS\JNI_LAZY_SNAPPING\LAZY_SNAPPING\DEBUG\LAZY_SNAPPING.EXE.EMBED.MANIFEST
C:\USERS\QYOU\DOCUMENTS\VISUAL STUDIO 2010\PROJECTS\JNI_LAZY_SNAPPING\LAZY_SNAPPING\DEBUG\LAZY_SNAPPING.EXE.EMBED.MANIFEST.RES
C:\USERS\QYOU\DOCUMENTS\VISUAL STUDIO 2010\PROJECTS\JNI_LAZY_SNAPPING\LAZY_SNAPPING\DEBUG\LAZY_SNAPPING.EXE.INTERMEDIATE.MANIFEST
C:\Users\qyou\Documents\Visual Studio 2010\Projects\jni_lazy_snapping\lazy_snapping\Debug\lazy_snapping.vcxprojResolveAssemblyReference.cache
C:\Users\qyou\Documents\Visual Studio 2010\Projects\jni_lazy_snapping\lazy_snapping\Debug\lazy_snapping.write.1.tlog
C:\Users\qyou\Documents\Visual Studio 2010\Projects\jni_lazy_snapping\lazy_snapping\Debug\lazy_snapping_manifest.rc
C:\USERS\QYOU\DOCUMENTS\VISUAL STUDIO 2010\PROJECTS\JNI_LAZY_SNAPPING\LAZY_SNAPPING\DEBUG\LAZYSNAPPING.OBJ
C:\Users\qyou\Documents\Visual Studio 2010\Projects\jni_lazy_snapping\lazy_snapping\Debug\link.100668.read.1.tlog
C:\Users\qyou\Documents\Visual Studio 2010\Projects\jni_lazy_snapping\lazy_snapping\Debug\link.100668.write.1.tlog
C:\Users\qyou\Documents\Visual Studio 2010\Projects\jni_lazy_snapping\lazy_snapping\Debug\link.100668-cvtres.read.1.tlog
C:\Users\qyou\Documents\Visual Studio 2010\Projects\jni_lazy_snapping\lazy_snapping\Debug\link.100668-cvtres.write.1.tlog
C:\Users\qyou\Documents\Visual Studio 2010\Projects\jni_lazy_snapping\lazy_snapping\Debug\link.114488.read.1.tlog
C:\Users\qyou\Documents\Visual Studio 2010\Projects\jni_lazy_snapping\lazy_snapping\Debug\link.114488.write.1.tlog
C:\Users\qyou\Documents\Visual Studio 2010\Projects\jni_lazy_snapping\lazy_snapping\Debug\link.114488-cvtres.read.1.tlog
C:\Users\qyou\Documents\Visual Studio 2010\Projects\jni_lazy_snapping\lazy_snapping\Debug\link.114488-cvtres.write.1.tlog
C:\Users\qyou\Documents\Visual Studio 2010\Projects\jni_lazy_snapping\lazy_snapping\Debug\link.command.1.tlog
C:\Users\qyou\Documents\Visual Studio 2010\Projects\jni_lazy_snapping\lazy_snapping\Debug\link.read.1.tlog
C:\Users\qyou\Documents\Visual Studio 2010\Projects\jni_lazy_snapping\lazy_snapping\Debug\link.write.1.tlog
C:\Users\qyou\Documents\Visual Studio 2010\Projects\jni_lazy_snapping\lazy_snapping\Debug\link-cvtres.read.1.tlog
C:\Users\qyou\Documents\Visual Studio 2010\Projects\jni_lazy_snapping\lazy_snapping\Debug\link-cvtres.write.1.tlog
C:\USERS\QYOU\DOCUMENTS\VISUAL STUDIO 2010\PROJECTS\JNI_LAZY_SNAPPING\LAZY_SNAPPING\DEBUG\MAXFLOW.OBJ
C:\Users\qyou\Documents\Visual Studio 2010\Projects\jni_lazy_snapping\lazy_snapping\Debug\mt.command.1.tlog
C:\Users\qyou\Documents\Visual Studio 2010\Projects\jni_lazy_snapping\lazy_snapping\Debug\mt.read.1.tlog
C:\Users\qyou\Documents\Visual Studio 2010\Projects\jni_lazy_snapping\lazy_snapping\Debug\mt.write.1.tlog
C:\USERS\QYOU\DOCUMENTS\VISUAL STUDIO 2010\PROJECTS\JNI_LAZY_SNAPPING\LAZY_SNAPPING\DEBUG\QLIUHELPER.OBJ
C:\Users\qyou\Documents\Visual Studio 2010\Projects\jni_lazy_snapping\lazy_snapping\Debug\rc.command.1.tlog
C:\Users\qyou\Documents\Visual Studio 2010\Projects\jni_lazy_snapping\lazy_snapping\Debug\rc.read.1.tlog
C:\Users\qyou\Documents\Visual Studio 2010\Projects\jni_lazy_snapping\lazy_snapping\Debug\rc.write.1.tlog
C:\USERS\QYOU\DOCUMENTS\VISUAL STUDIO 2010\PROJECTS\JNI_LAZY_SNAPPING\LAZY_SNAPPING\DEBUG\SLIC.OBJ
